<?xml version="1.0" encoding="UTF-8"?>
<testng-results skipped="0" failed="0" ignored="0" total="1" passed="1">
  <reporter-output>
  </reporter-output>
  <suite name="Default suite" duration-ms="19943" started-at="2018-04-19T03:58:39Z" finished-at="2018-04-19T03:58:59Z">
    <groups>
    </groups>
    <test name="Default test" duration-ms="19943" started-at="2018-04-19T03:58:39Z" finished-at="2018-04-19T03:58:59Z">
      <class name="myPackage.TestClass">
        <test-method status="PASS" signature="prepares()[pri:0, instance:myPackage.TestClass@55f3ddb1]" name="prepares" is-config="true" duration-ms="13654" started-at="2018-04-19T03:58:39Z" finished-at="2018-04-19T03:58:53Z">
          <reporter-output>
          </reporter-output>
        </test-method> <!-- prepares -->
        <test-method status="PASS" signature="test()[pri:0, instance:myPackage.TestClass@55f3ddb1]" name="test" duration-ms="6038" started-at="2018-04-19T03:58:53Z" finished-at="2018-04-19T03:58:59Z">
          <reporter-output>
          </reporter-output>
        </test-method> <!-- test -->
        <test-method status="PASS" signature="close()[pri:0, instance:myPackage.TestClass@55f3ddb1]" name="close" is-config="true" duration-ms="231" started-at="2018-04-19T03:58:59Z" finished-at="2018-04-19T03:58:59Z">
          <reporter-output>
          </reporter-output>
        </test-method> <!-- close -->
      </class> <!-- myPackage.TestClass -->
    </test> <!-- Default test -->
  </suite> <!-- Default suite -->
</testng-results>
